▲ Next.js 16.2.2 (Turbopack)
- Local:         http://localhost:3000
- Network:       http://10.17.203.60:3000
- Environments: .env
✓ Ready in 569ms

 GET /auth/register 200 in 367ms (next.js: 201ms, application-code: 167ms)
 POST /api/auth/register 200 in 1833ms (next.js: 168ms, application-code: 1665ms)
 POST /api/auth/login 200 in 229ms (next.js: 50ms, application-code: 179ms)
 POST /api/auth/register 200 in 422ms (next.js: 36ms, application-code: 387ms)
 GET /onboarding 200 in 54ms (next.js: 30ms, application-code: 24ms)
 POST /api/farms 200 in 379ms (next.js: 42ms, application-code: 337ms)
 GET /dashboard 200 in 50ms (next.js: 29ms, application-code: 21ms)
 GET /api/farms 200 in 419ms (next.js: 5ms, application-code: 414ms)
 GET /api/farms 200 in 194ms (next.js: 2ms, application-code: 192ms)
 GET /api/farms 200 in 206ms (next.js: 2ms, application-code: 204ms)
 GET /api/farms 200 in 262ms (next.js: 1948µs, application-code: 260ms)
 GET /api/analytics/summary 200 in 1796ms (next.js: 55ms, application-code: 1741ms)
 GET /api/analytics/summary 200 in 417ms (next.js: 3ms, application-code: 415ms)
 GET /api/analytics/summary 200 in 379ms (next.js: 2ms, application-code: 377ms)
 GET /api/analytics/summary 200 in 417ms (next.js: 1862µs, application-code: 415ms)
 GET /auth/login 200 in 79ms (next.js: 32ms, application-code: 47ms)
 GET /auth/login 200 in 27ms (next.js: 4ms, application-code: 23ms)
 POST /api/auth/login 200 in 442ms (next.js: 65ms, application-code: 376ms)
 GET /dashboard 200 in 20ms (next.js: 4ms, application-code: 16ms)
 GET /api/farms 200 in 224ms (next.js: 3ms, application-code: 222ms)
 GET /api/farms 200 in 200ms (next.js: 3ms, application-code: 198ms)
 GET /api/analytics/summary 200 in 703ms (next.js: 8ms, application-code: 696ms)
 GET /api/analytics/summary 200 in 430ms (next.js: 2ms, application-code: 428ms)
 GET /auth/register 200 in 60ms (next.js: 4ms, application-code: 56ms)
 GET /auth/login 200 in 20ms (next.js: 3ms, application-code: 17ms)
 POST /api/auth/login 401 in 283ms (next.js: 70ms, application-code: 213ms)
 POST /api/auth/login 200 in 178ms (next.js: 3ms, application-code: 175ms)
 GET /dashboard 200 in 22ms (next.js: 4ms, application-code: 18ms)
 GET /api/farms 200 in 313ms (next.js: 81ms, application-code: 232ms)
 GET /api/farms 200 in 204ms (next.js: 1822µs, application-code: 202ms)
 GET /api/analytics/summary 200 in 633ms (next.js: 143ms, application-code: 490ms)
 GET /api/farms 200 in 235ms (next.js: 1902µs, application-code: 233ms)
 GET /api/farms 200 in 238ms (next.js: 2ms, application-code: 236ms)
 GET /api/analytics/summary 200 in 477ms (next.js: 2ms, application-code: 475ms)
 GET /api/analytics/summary 200 in 493ms (next.js: 1967µs, application-code: 491ms)
 GET /api/analytics/summary 200 in 463ms (next.js: 2ms, application-code: 461ms)
